<?xml version="1.0" encoding="UTF-8"?>
<coverage generated="1774235515677" clover="3.2.0">
  <project timestamp="1774235515677" name="All files">
    <metrics statements="306" coveredstatements="290" conditionals="97" coveredconditionals="80" methods="71" coveredmethods="67" elements="474" coveredelements="437" complexity="0" loc="306" ncloc="306" packages="1" files="7" classes="7"/>
    <file name="PooledWebView.tsx" path="/Users/logan/Repository/wooBottle/personalProjects/react-native-instant-webview/src/PooledWebView.tsx">
      <metrics statements="54" coveredstatements="49" conditionals="20" coveredconditionals="13" methods="7" coveredmethods="5"/>
      <line num="1" count="1" type="stmt"/>
      <line num="2" count="1" type="stmt"/>
      <line num="3" count="1" type="stmt"/>
      <line num="6" count="1" type="stmt"/>
      <line num="8" count="1" type="stmt"/>
      <line num="10" count="1" type="stmt"/>
      <line num="15" count="33" type="stmt"/>
      <line num="16" count="33" type="stmt"/>
      <line num="17" count="33" type="stmt"/>
      <line num="18" count="33" type="stmt"/>
      <line num="19" count="33" type="cond" truecount="2" falsecount="0"/>
      <line num="20" count="33" type="stmt"/>
      <line num="22" count="33" type="stmt"/>
      <line num="23" count="33" type="stmt"/>
      <line num="26" count="33" type="stmt"/>
      <line num="28" count="33" type="stmt"/>
      <line num="29" count="6" type="cond" truecount="1" falsecount="0"/>
      <line num="30" count="1" type="stmt"/>
      <line num="32" count="5" type="stmt"/>
      <line num="33" count="5" type="cond" truecount="1" falsecount="0"/>
      <line num="34" count="2" type="stmt"/>
      <line num="39" count="33" type="stmt"/>
      <line num="40" count="16" type="cond" truecount="3" falsecount="1"/>
      <line num="41" count="16" type="stmt"/>
      <line num="42" count="16" type="cond" truecount="1" falsecount="0"/>
      <line num="43" count="2" type="stmt"/>
      <line num="44" count="2" type="stmt"/>
      <line num="45" count="2" type="stmt"/>
      <line num="48" count="14" type="stmt"/>
      <line num="49" count="14" type="stmt"/>
      <line num="50" count="14" type="stmt"/>
      <line num="51" count="14" type="stmt"/>
      <line num="53" count="14" type="stmt"/>
      <line num="54" count="4" type="stmt"/>
      <line num="55" count="4" type="cond" truecount="1" falsecount="0"/>
      <line num="56" count="4" type="stmt"/>
      <line num="57" count="4" type="stmt"/>
      <line num="58" count="4" type="stmt"/>
      <line num="59" count="4" type="stmt"/>
      <line num="66" count="33" type="stmt"/>
      <line num="67" count="17" type="stmt"/>
      <line num="68" count="17" type="cond" truecount="3" falsecount="0"/>
      <line num="70" count="1" type="stmt"/>
      <line num="76" count="33" type="stmt"/>
      <line num="78" count="0" type="stmt"/>
      <line num="79" count="0" type="cond" truecount="0" falsecount="3"/>
      <line num="81" count="0" type="stmt"/>
      <line num="82" count="0" type="cond" truecount="0" falsecount="3"/>
      <line num="83" count="0" type="stmt"/>
      <line num="96" count="33" type="cond" truecount="1" falsecount="0"/>
      <line num="97" count="2" type="stmt"/>
      <line num="104" count="31" type="stmt"/>
      <line num="110" count="1" type="stmt"/>
      <line num="112" count="1" type="stmt"/>
    </file>
    <file name="WebViewManager.ts" path="/Users/logan/Repository/wooBottle/personalProjects/react-native-instant-webview/src/WebViewManager.ts">
      <metrics statements="105" coveredstatements="104" conditionals="25" coveredconditionals="24" methods="27" coveredmethods="26"/>
      <line num="1" count="5" type="stmt"/>
      <line num="3" count="5" type="stmt"/>
      <line num="21" count="5" type="stmt"/>
      <line num="23" count="65" type="stmt"/>
      <line num="24" count="65" type="stmt"/>
      <line num="25" count="65" type="stmt"/>
      <line num="26" count="65" type="stmt"/>
      <line num="27" count="65" type="stmt"/>
      <line num="32" count="107" type="cond" truecount="1" falsecount="0"/>
      <line num="33" count="65" type="stmt"/>
      <line num="35" count="107" type="stmt"/>
      <line num="39" count="66" type="cond" truecount="1" falsecount="0"/>
      <line num="40" count="60" type="stmt"/>
      <line num="42" count="66" type="stmt"/>
      <line num="46" count="65" type="cond" truecount="1" falsecount="0"/>
      <line num="48" count="64" type="stmt"/>
      <line num="50" count="64" type="cond" truecount="1" falsecount="0"/>
      <line num="51" count="2" type="stmt"/>
      <line num="54" count="2" type="stmt"/>
      <line num="57" count="64" type="stmt"/>
      <line num="59" count="64" type="stmt"/>
      <line num="60" count="138" type="stmt"/>
      <line num="71" count="64" type="stmt"/>
      <line num="72" count="64" type="stmt"/>
      <line num="77" count="46" type="cond" truecount="1" falsecount="0"/>
      <line num="78" count="20" type="stmt"/>
      <line num="79" count="37" type="cond" truecount="2" falsecount="0"/>
      <line num="81" count="20" type="cond" truecount="1" falsecount="0"/>
      <line num="83" count="4" type="stmt"/>
      <line num="84" count="4" type="cond" truecount="1" falsecount="0"/>
      <line num="85" count="4" type="stmt"/>
      <line num="86" count="4" type="stmt"/>
      <line num="89" count="4" type="stmt"/>
      <line num="90" count="4" type="stmt"/>
      <line num="91" count="4" type="stmt"/>
      <line num="93" count="4" type="stmt"/>
      <line num="95" count="4" type="stmt"/>
      <line num="103" count="49" type="stmt"/>
      <line num="104" count="42" type="cond" truecount="1" falsecount="0"/>
      <line num="106" count="37" type="stmt"/>
      <line num="107" count="37" type="stmt"/>
      <line num="108" count="37" type="stmt"/>
      <line num="109" count="37" type="stmt"/>
      <line num="111" count="37" type="stmt"/>
      <line num="118" count="22" type="stmt"/>
      <line num="119" count="20" type="cond" truecount="1" falsecount="0"/>
      <line num="120" count="19" type="cond" truecount="1" falsecount="0"/>
      <line num="121" count="3" type="stmt"/>
      <line num="124" count="3" type="stmt"/>
      <line num="127" count="16" type="stmt"/>
      <line num="129" count="16" type="cond" truecount="2" falsecount="0"/>
      <line num="130" count="11" type="stmt"/>
      <line num="132" count="5" type="stmt"/>
      <line num="133" count="5" type="stmt"/>
      <line num="134" count="5" type="stmt"/>
      <line num="136" count="16" type="stmt"/>
      <line num="140" count="4" type="stmt"/>
      <line num="141" count="3" type="cond" truecount="1" falsecount="0"/>
      <line num="143" count="2" type="stmt"/>
      <line num="144" count="2" type="stmt"/>
      <line num="145" count="2" type="stmt"/>
      <line num="146" count="2" type="stmt"/>
      <line num="147" count="2" type="stmt"/>
      <line num="152" count="21" type="cond" truecount="1" falsecount="0"/>
      <line num="153" count="1" type="stmt"/>
      <line num="154" count="1" type="stmt"/>
      <line num="157" count="0" type="stmt"/>
      <line num="161" count="20" type="stmt"/>
      <line num="162" count="20" type="cond" truecount="1" falsecount="0"/>
      <line num="164" count="18" type="cond" truecount="2" falsecount="0"/>
      <line num="166" count="18" type="stmt"/>
      <line num="167" count="18" type="stmt"/>
      <line num="169" count="18" type="stmt"/>
      <line num="170" count="1" type="stmt"/>
      <line num="173" count="18" type="stmt"/>
      <line num="179" count="18" type="stmt"/>
      <line num="181" count="18" type="stmt"/>
      <line num="184" count="1" type="stmt"/>
      <line num="189" count="15" type="stmt"/>
      <line num="190" count="15" type="cond" truecount="1" falsecount="0"/>
      <line num="192" count="14" type="stmt"/>
      <line num="193" count="14" type="stmt"/>
      <line num="195" count="14" type="stmt"/>
      <line num="196" count="14" type="cond" truecount="2" falsecount="1"/>
      <line num="198" count="14" type="cond" truecount="2" falsecount="0"/>
      <line num="199" count="12" type="stmt"/>
      <line num="200" count="12" type="stmt"/>
      <line num="202" count="2" type="stmt"/>
      <line num="203" count="2" type="stmt"/>
      <line num="204" count="2" type="stmt"/>
      <line num="205" count="2" type="stmt"/>
      <line num="207" count="14" type="stmt"/>
      <line num="211" count="70" type="stmt"/>
      <line num="212" count="70" type="stmt"/>
      <line num="213" count="10" type="stmt"/>
      <line num="218" count="225" type="stmt"/>
      <line num="220" count="479" type="stmt"/>
      <line num="221" count="479" type="stmt"/>
      <line num="227" count="1" type="stmt"/>
      <line num="231" count="32" type="stmt"/>
      <line num="232" count="32" type="stmt"/>
      <line num="233" count="11" type="stmt"/>
      <line num="238" count="155" type="stmt"/>
      <line num="239" count="155" type="stmt"/>
      <line num="243" count="5" type="stmt"/>
    </file>
    <file name="WebViewPoolProvider.tsx" path="/Users/logan/Repository/wooBottle/personalProjects/react-native-instant-webview/src/WebViewPoolProvider.tsx">
      <metrics statements="59" coveredstatements="58" conditionals="7" coveredconditionals="7" methods="21" coveredmethods="20"/>
      <line num="1" count="4" type="stmt"/>
      <line num="10" count="4" type="stmt"/>
      <line num="12" count="4" type="stmt"/>
      <line num="13" count="4" type="stmt"/>
      <line num="14" count="4" type="stmt"/>
      <line num="26" count="4" type="stmt"/>
      <line num="28" count="4" type="stmt"/>
      <line num="29" count="70" type="stmt"/>
      <line num="30" count="69" type="cond" truecount="1" falsecount="0"/>
      <line num="31" count="1" type="stmt"/>
      <line num="33" count="68" type="stmt"/>
      <line num="36" count="4" type="stmt"/>
      <line num="37" count="60" type="stmt"/>
      <line num="38" count="60" type="stmt"/>
      <line num="43" count="60" type="stmt"/>
      <line num="44" count="30" type="stmt"/>
      <line num="45" count="30" type="stmt"/>
      <line num="46" count="30" type="stmt"/>
      <line num="49" count="60" type="stmt"/>
      <line num="50" count="60" type="stmt"/>
      <line num="52" count="60" type="stmt"/>
      <line num="54" count="60" type="stmt"/>
      <line num="55" count="30" type="stmt"/>
      <line num="56" count="30" type="stmt"/>
      <line num="57" count="13" type="stmt"/>
      <line num="59" count="30" type="stmt"/>
      <line num="60" count="10" type="stmt"/>
      <line num="61" count="10" type="stmt"/>
      <line num="65" count="60" type="stmt"/>
      <line num="66" count="24" type="stmt"/>
      <line num="69" count="60" type="stmt"/>
      <line num="70" count="9" type="stmt"/>
      <line num="71" count="9" type="stmt"/>
      <line num="72" count="9" type="stmt"/>
      <line num="75" count="60" type="stmt"/>
      <line num="77" count="5" type="stmt"/>
      <line num="78" count="5" type="stmt"/>
      <line num="83" count="60" type="stmt"/>
      <line num="84" count="16" type="stmt"/>
      <line num="85" count="16" type="stmt"/>
      <line num="88" count="60" type="stmt"/>
      <line num="89" count="2" type="cond" truecount="2" falsecount="0"/>
      <line num="92" count="60" type="stmt"/>
      <line num="93" count="2" type="stmt"/>
      <line num="96" count="60" type="stmt"/>
      <line num="97" count="5" type="stmt"/>
      <line num="98" count="4" type="cond" truecount="2" falsecount="0"/>
      <line num="101" count="60" type="stmt"/>
      <line num="102" count="8" type="stmt"/>
      <line num="105" count="60" type="stmt"/>
      <line num="106" count="1" type="stmt"/>
      <line num="109" count="60" type="stmt"/>
      <line num="110" count="0" type="stmt"/>
      <line num="113" count="60" type="stmt"/>
      <line num="114" count="43" type="stmt"/>
      <line num="132" count="60" type="stmt"/>
      <line num="137" count="124" type="stmt"/>
      <line num="151" count="4" type="stmt"/>
      <line num="157" count="4" type="stmt"/>
    </file>
    <file name="WebViewSlot.tsx" path="/Users/logan/Repository/wooBottle/personalProjects/react-native-instant-webview/src/WebViewSlot.tsx">
      <metrics statements="43" coveredstatements="38" conditionals="41" coveredconditionals="33" methods="8" coveredmethods="8"/>
      <line num="1" count="5" type="stmt"/>
      <line num="2" count="5" type="stmt"/>
      <line num="3" count="5" type="stmt"/>
      <line num="4" count="5" type="stmt"/>
      <line num="5" count="5" type="stmt"/>
      <line num="17" count="5" type="stmt"/>
      <line num="24" count="107" type="cond" truecount="2" falsecount="0"/>
      <line num="25" count="107" type="stmt"/>
      <line num="26" count="107" type="stmt"/>
      <line num="34" count="107" type="stmt"/>
      <line num="36" count="107" type="stmt"/>
      <line num="37" count="105" type="cond" truecount="4" falsecount="0"/>
      <line num="38" count="27" type="stmt"/>
      <line num="43" count="107" type="stmt"/>
      <line num="44" count="105" type="cond" truecount="2" falsecount="1"/>
      <line num="46" count="0" type="cond" truecount="0" falsecount="2"/>
      <line num="48" count="0" type="cond" truecount="0" falsecount="2"/>
      <line num="49" count="0" type="stmt"/>
      <line num="50" count="0" type="cond" truecount="0" falsecount="3"/>
      <line num="51" count="0" type="stmt"/>
      <line num="56" count="107" type="stmt"/>
      <line num="57" count="96" type="cond" truecount="3" falsecount="0"/>
      <line num="58" count="3" type="stmt"/>
      <line num="59" count="3" type="cond" truecount="1" falsecount="0"/>
      <line num="60" count="3" type="cond" truecount="2" falsecount="0"/>
      <line num="61" count="3" type="stmt"/>
      <line num="63" count="3" type="stmt"/>
      <line num="64" count="1" type="stmt"/>
      <line num="66" count="3" type="stmt"/>
      <line num="68" count="93" type="stmt"/>
      <line num="77" count="107" type="stmt"/>
      <line num="78" count="77" type="cond" truecount="3" falsecount="0"/>
      <line num="79" count="70" type="stmt"/>
      <line num="81" count="7" type="stmt"/>
      <line num="90" count="107" type="stmt"/>
      <line num="91" count="98" type="cond" truecount="3" falsecount="0"/>
      <line num="92" count="5" type="stmt"/>
      <line num="94" count="93" type="cond" truecount="3" falsecount="0"/>
      <line num="95" count="23" type="stmt"/>
      <line num="97" count="70" type="stmt"/>
      <line num="103" count="107" type="stmt"/>
      <line num="105" count="107" type="stmt"/>
      <line num="120" count="5" type="stmt"/>
    </file>
    <file name="constants.ts" path="/Users/logan/Repository/wooBottle/personalProjects/react-native-instant-webview/src/constants.ts">
      <metrics statements="5" coveredstatements="5" conditionals="0" coveredconditionals="0" methods="0" coveredmethods="0"/>
      <line num="4" count="6" type="stmt"/>
      <line num="9" count="6" type="stmt"/>
      <line num="11" count="6" type="stmt"/>
      <line num="24" count="6" type="stmt"/>
      <line num="30" count="6" type="stmt"/>
    </file>
    <file name="usePooledWebView.ts" path="/Users/logan/Repository/wooBottle/personalProjects/react-native-instant-webview/src/usePooledWebView.ts">
      <metrics statements="31" coveredstatements="27" conditionals="4" coveredconditionals="3" methods="5" coveredmethods="5"/>
      <line num="1" count="1" type="stmt"/>
      <line num="4" count="1" type="stmt"/>
      <line num="7" count="1" type="stmt"/>
      <line num="9" count="1" type="stmt"/>
      <line num="10" count="20" type="stmt"/>
      <line num="11" count="20" type="stmt"/>
      <line num="12" count="20" type="stmt"/>
      <line num="13" count="20" type="stmt"/>
      <line num="15" count="20" type="stmt"/>
      <line num="16" count="20" type="stmt"/>
      <line num="17" count="13" type="cond" truecount="1" falsecount="0"/>
      <line num="18" count="5" type="stmt"/>
      <line num="19" count="5" type="stmt"/>
      <line num="20" count="5" type="stmt"/>
      <line num="25" count="20" type="stmt"/>
      <line num="26" count="7" type="cond" truecount="1" falsecount="0"/>
      <line num="27" count="1" type="stmt"/>
      <line num="33" count="6" type="stmt"/>
      <line num="34" count="6" type="stmt"/>
      <line num="35" count="6" type="cond" truecount="1" falsecount="0"/>
      <line num="37" count="5" type="stmt"/>
      <line num="38" count="5" type="stmt"/>
      <line num="39" count="5" type="stmt"/>
      <line num="40" count="5" type="stmt"/>
      <line num="43" count="20" type="stmt"/>
      <line num="44" count="2" type="cond" truecount="0" falsecount="1"/>
      <line num="45" count="0" type="stmt"/>
      <line num="46" count="0" type="stmt"/>
      <line num="47" count="0" type="stmt"/>
      <line num="48" count="0" type="stmt"/>
      <line num="52" count="20" type="stmt"/>
    </file>
    <file name="useWarmUp.ts" path="/Users/logan/Repository/wooBottle/personalProjects/react-native-instant-webview/src/useWarmUp.ts">
      <metrics statements="9" coveredstatements="9" conditionals="0" coveredconditionals="0" methods="3" coveredmethods="3"/>
      <line num="1" count="1" type="stmt"/>
      <line num="2" count="1" type="stmt"/>
      <line num="5" count="1" type="stmt"/>
      <line num="6" count="3" type="stmt"/>
      <line num="8" count="3" type="stmt"/>
      <line num="10" count="4" type="stmt"/>
      <line num="15" count="3" type="stmt"/>
      <line num="17" count="1" type="stmt"/>
      <line num="22" count="3" type="stmt"/>
    </file>
  </project>
</coverage>
