{"/Users/logan/Repository/wooBottle/personalProjects/react-native-instant-webview/src/PooledWebView.tsx": {"path":"/Users/logan/Repository/wooBottle/personalProjects/react-native-instant-webview/src/PooledWebView.tsx","statementMap":{"0":{"start":{"line":1,"column":0},"end":{"line":1,"column":93}},"1":{"start":{"line":2,"column":0},"end":{"line":2,"column":60}},"2":{"start":{"line":3,"column":0},"end":{"line":3,"column":47}},"3":{"start":{"line":6,"column":0},"end":{"line":6,"column":55}},"4":{"start":{"line":8,"column":24},"end":{"line":8,"column":25}},"5":{"start":{"line":10,"column":22},"end":{"line":107,"column":null}},"6":{"start":{"line":15,"column":17},"end":{"line":15,"column":33}},"7":{"start":{"line":16,"column":26},"end":{"line":16,"column":53}},"8":{"start":{"line":17,"column":27},"end":{"line":17,"column":45}},"9":{"start":{"line":18,"column":29},"end":{"line":18,"column":50}},"10":{"start":{"line":19,"column":26},"end":{"line":19,"column":78}},"11":{"start":{"line":20,"column":21},"end":{"line":20,"column":79}},"12":{"start":{"line":22,"column":36},"end":{"line":22,"column":51}},"13":{"start":{"line":23,"column":36},"end":{"line":23,"column":51}},"14":{"start":{"line":26,"column":4},"end":{"line":26,"column":51}},"15":{"start":{"line":28,"column":4},"end":{"line":36,"column":35}},"16":{"start":{"line":29,"column":6},"end":{"line":31,"column":7}},"17":{"start":{"line":30,"column":8},"end":{"line":30,"column":51}},"18":{"start":{"line":32,"column":17},"end":{"line":32,"column":38}},"19":{"start":{"line":33,"column":6},"end":{"line":33,"column":49}},"20":{"start":{"line":33,"column":15},"end":{"line":33,"column":49}},"21":{"start":{"line":34,"column":6},"end":{"line":34,"column":47}},"22":{"start":{"line":39,"column":4},"end":{"line":63,"column":11}},"23":{"start":{"line":40,"column":24},"end":{"line":40,"column":95}},"24":{"start":{"line":41,"column":21},"end":{"line":41,"column":66}},"25":{"start":{"line":42,"column":6},"end":{"line":46,"column":7}},"26":{"start":{"line":43,"column":8},"end":{"line":43,"column":26}},"27":{"start":{"line":44,"column":8},"end":{"line":44,"column":28}},"28":{"start":{"line":45,"column":8},"end":{"line":45,"column":15}},"29":{"start":{"line":48,"column":6},"end":{"line":48,"column":48}},"30":{"start":{"line":49,"column":6},"end":{"line":49,"column":65}},"31":{"start":{"line":50,"column":6},"end":{"line":50,"column":24}},"32":{"start":{"line":51,"column":6},"end":{"line":51,"column":38}},"33":{"start":{"line":53,"column":6},"end":{"line":61,"column":8}},"34":{"start":{"line":54,"column":19},"end":{"line":54,"column":40}},"35":{"start":{"line":55,"column":8},"end":{"line":60,"column":9}},"36":{"start":{"line":56,"column":10},"end":{"line":56,"column":43}},"37":{"start":{"line":57,"column":10},"end":{"line":57,"column":27}},"38":{"start":{"line":58,"column":10},"end":{"line":58,"column":27}},"39":{"start":{"line":59,"column":10},"end":{"line":59,"column":39}},"40":{"start":{"line":66,"column":4},"end":{"line":73,"column":17}},"41":{"start":{"line":67,"column":17},"end":{"line":67,"column":38}},"42":{"start":{"line":68,"column":6},"end":{"line":68,"column":35}},"43":{"start":{"line":68,"column":28},"end":{"line":68,"column":35}},"44":{"start":{"line":70,"column":6},"end":{"line":70,"column":50}},"45":{"start":{"line":76,"column":25},"end":{"line":92,"column":null}},"46":{"start":{"line":78,"column":19},"end":{"line":78,"column":40}},"47":{"start":{"line":79,"column":8},"end":{"line":79,"column":51}},"48":{"start":{"line":79,"column":44},"end":{"line":79,"column":51}},"49":{"start":{"line":81,"column":8},"end":{"line":90,"column":11}},"50":{"start":{"line":82,"column":10},"end":{"line":89,"column":11}},"51":{"start":{"line":83,"column":12},"end":{"line":88,"column":15}},"52":{"start":{"line":96,"column":4},"end":{"line":102,"column":5}},"53":{"start":{"line":97,"column":6},"end":{"line":101,"column":8}},"54":{"start":{"line":104,"column":4},"end":{"line":106,"column":6}},"55":{"start":{"line":110,"column":0},"end":{"line":110,"column":44}},"56":{"start":{"line":112,"column":0},"end":{"line":112,"column":41}}},"fnMap":{"0":{"name":"(anonymous_9)","decl":{"start":{"line":11,"column":2},"end":{"line":11,"column":null}},"loc":{"start":{"line":14,"column":6},"end":{"line":107,"column":3}}},"1":{"name":"(anonymous_10)","decl":{"start":{"line":28,"column":29},"end":{"line":28,"column":32}},"loc":{"start":{"line":28,"column":34},"end":{"line":36,"column":5}}},"2":{"name":"(anonymous_11)","decl":{"start":{"line":39,"column":14},"end":{"line":39,"column":17}},"loc":{"start":{"line":39,"column":19},"end":{"line":63,"column":5}}},"3":{"name":"(anonymous_12)","decl":{"start":{"line":53,"column":13},"end":{"line":53,"column":16}},"loc":{"start":{"line":53,"column":18},"end":{"line":61,"column":7}}},"4":{"name":"(anonymous_13)","decl":{"start":{"line":66,"column":14},"end":{"line":66,"column":17}},"loc":{"start":{"line":66,"column":19},"end":{"line":73,"column":5}}},"5":{"name":"(anonymous_14)","decl":{"start":{"line":77,"column":6},"end":{"line":77,"column":7}},"loc":{"start":{"line":77,"column":36},"end":{"line":91,"column":7}}},"6":{"name":"(anonymous_15)","decl":{"start":{"line":81,"column":47},"end":{"line":81,"column":48}},"loc":{"start":{"line":81,"column":71},"end":{"line":90,"column":9}}}},"branchMap":{"0":{"loc":{"start":{"line":19,"column":33},"end":{"line":19,"column":77}},"type":"binary-expr","locations":[{"start":{"line":19,"column":33},"end":{"line":19,"column":40}},{"start":{"line":19,"column":44},"end":{"line":19,"column":77}}]},"1":{"loc":{"start":{"line":29,"column":6},"end":{"line":31,"column":7}},"type":"if","locations":[{"start":{"line":29,"column":6},"end":{"line":31,"column":7}}]},"2":{"loc":{"start":{"line":33,"column":6},"end":{"line":33,"column":49}},"type":"if","locations":[{"start":{"line":33,"column":6},"end":{"line":33,"column":49}}]},"3":{"loc":{"start":{"line":40,"column":24},"end":{"line":40,"column":95}},"type":"cond-expr","locations":[{"start":{"line":40,"column":53},"end":{"line":40,"column":83}},{"start":{"line":40,"column":86},"end":{"line":40,"column":95}}]},"4":{"loc":{"start":{"line":40,"column":24},"end":{"line":40,"column":49}},"type":"binary-expr","locations":[{"start":{"line":40,"column":24},"end":{"line":40,"column":30}},{"start":{"line":40,"column":34},"end":{"line":40,"column":49}}]},"5":{"loc":{"start":{"line":42,"column":6},"end":{"line":46,"column":7}},"type":"if","locations":[{"start":{"line":42,"column":6},"end":{"line":46,"column":7}}]},"6":{"loc":{"start":{"line":55,"column":8},"end":{"line":60,"column":9}},"type":"if","locations":[{"start":{"line":55,"column":8},"end":{"line":60,"column":9}}]},"7":{"loc":{"start":{"line":68,"column":6},"end":{"line":68,"column":35}},"type":"if","locations":[{"start":{"line":68,"column":6},"end":{"line":68,"column":35}}]},"8":{"loc":{"start":{"line":68,"column":10},"end":{"line":68,"column":26}},"type":"binary-expr","locations":[{"start":{"line":68,"column":10},"end":{"line":68,"column":13}},{"start":{"line":68,"column":17},"end":{"line":68,"column":26}}]},"9":{"loc":{"start":{"line":79,"column":8},"end":{"line":79,"column":51}},"type":"if","locations":[{"start":{"line":79,"column":8},"end":{"line":79,"column":51}}]},"10":{"loc":{"start":{"line":79,"column":12},"end":{"line":79,"column":42}},"type":"binary-expr","locations":[{"start":{"line":79,"column":12},"end":{"line":79,"column":15}},{"start":{"line":79,"column":19},"end":{"line":79,"column":42}}]},"11":{"loc":{"start":{"line":82,"column":10},"end":{"line":89,"column":11}},"type":"if","locations":[{"start":{"line":82,"column":10},"end":{"line":89,"column":11}}]},"12":{"loc":{"start":{"line":82,"column":14},"end":{"line":82,"column":37}},"type":"binary-expr","locations":[{"start":{"line":82,"column":14},"end":{"line":82,"column":23}},{"start":{"line":82,"column":27},"end":{"line":82,"column":37}}]},"13":{"loc":{"start":{"line":96,"column":4},"end":{"line":102,"column":5}},"type":"if","locations":[{"start":{"line":96,"column":4},"end":{"line":102,"column":5}}]}},"s":{"0":1,"1":1,"2":1,"3":1,"4":1,"5":1,"6":33,"7":33,"8":33,"9":33,"10":33,"11":33,"12":33,"13":33,"14":33,"15":33,"16":6,"17":1,"18":5,"19":5,"20":3,"21":2,"22":33,"23":16,"24":16,"25":16,"26":2,"27":2,"28":2,"29":14,"30":14,"31":14,"32":14,"33":14,"34":4,"35":4,"36":4,"37":4,"38":4,"39":4,"40":33,"41":17,"42":17,"43":16,"44":1,"45":33,"46":0,"47":0,"48":0,"49":0,"50":0,"51":0,"52":33,"53":2,"54":31,"55":1,"56":1},"f":{"0":33,"1":6,"2":16,"3":4,"4":17,"5":0,"6":0},"b":{"0":[33,33],"1":[1],"2":[3],"3":[16,0],"4":[16,16],"5":[2],"6":[4],"7":[16],"8":[17,15],"9":[0],"10":[0,0],"11":[0],"12":[0,0],"13":[2]}}
,"/Users/logan/Repository/wooBottle/personalProjects/react-native-instant-webview/src/WebViewManager.ts": {"path":"/Users/logan/Repository/wooBottle/personalProjects/react-native-instant-webview/src/WebViewManager.ts","statementMap":{"0":{"start":{"line":1,"column":0},"end":{"line":1,"column":34}},"1":{"start":{"line":3,"column":0},"end":{"line":3,"column":74}},"2":{"start":{"line":21,"column":51},"end":{"line":21,"column":55}},"3":{"start":{"line":23,"column":31},"end":{"line":23,"column":50}},"4":{"start":{"line":24,"column":41},"end":{"line":24,"column":43}},"5":{"start":{"line":25,"column":41},"end":{"line":25,"column":50}},"6":{"start":{"line":26,"column":24},"end":{"line":26,"column":29}},"7":{"start":{"line":27,"column":52},"end":{"line":27,"column":61}},"8":{"start":{"line":32,"column":4},"end":{"line":34,"column":5}},"9":{"start":{"line":33,"column":6},"end":{"line":33,"column":53}},"10":{"start":{"line":35,"column":4},"end":{"line":35,"column":35}},"11":{"start":{"line":39,"column":4},"end":{"line":41,"column":5}},"12":{"start":{"line":40,"column":6},"end":{"line":40,"column":49}},"13":{"start":{"line":42,"column":4},"end":{"line":42,"column":35}},"14":{"start":{"line":46,"column":4},"end":{"line":46,"column":33}},"15":{"start":{"line":46,"column":26},"end":{"line":46,"column":33}},"16":{"start":{"line":48,"column":4},"end":{"line":48,"column":56}},"17":{"start":{"line":50,"column":4},"end":{"line":55,"column":5}},"18":{"start":{"line":51,"column":6},"end":{"line":53,"column":8}},"19":{"start":{"line":54,"column":6},"end":{"line":54,"column":31}},"20":{"start":{"line":57,"column":4},"end":{"line":57,"column":24}},"21":{"start":{"line":59,"column":4},"end":{"line":69,"column":5}},"22":{"start":{"line":59,"column":17},"end":{"line":59,"column":18}},"23":{"start":{"line":60,"column":6},"end":{"line":68,"column":9}},"24":{"start":{"line":71,"column":4},"end":{"line":71,"column":28}},"25":{"start":{"line":72,"column":4},"end":{"line":72,"column":18}},"26":{"start":{"line":77,"column":4},"end":{"line":100,"column":5}},"27":{"start":{"line":78,"column":22},"end":{"line":79,"column":null}},"28":{"start":{"line":79,"column":18},"end":{"line":79,"column":69}},"29":{"start":{"line":81,"column":6},"end":{"line":99,"column":7}},"30":{"start":{"line":83,"column":22},"end":{"line":83,"column":49}},"31":{"start":{"line":84,"column":8},"end":{"line":87,"column":9}},"32":{"start":{"line":85,"column":10},"end":{"line":85,"column":36}},"33":{"start":{"line":86,"column":10},"end":{"line":86,"column":41}},"34":{"start":{"line":89,"column":8},"end":{"line":89,"column":36}},"35":{"start":{"line":90,"column":8},"end":{"line":90,"column":40}},"36":{"start":{"line":91,"column":8},"end":{"line":91,"column":40}},"37":{"start":{"line":93,"column":8},"end":{"line":93,"column":22}},"38":{"start":{"line":95,"column":8},"end":{"line":98,"column":10}},"39":{"start":{"line":103,"column":17},"end":{"line":103,"column":70}},"40":{"start":{"line":103,"column":47},"end":{"line":103,"column":69}},"41":{"start":{"line":104,"column":4},"end":{"line":104,"column":27}},"42":{"start":{"line":104,"column":15},"end":{"line":104,"column":27}},"43":{"start":{"line":106,"column":4},"end":{"line":106,"column":29}},"44":{"start":{"line":107,"column":4},"end":{"line":107,"column":33}},"45":{"start":{"line":108,"column":4},"end":{"line":108,"column":33}},"46":{"start":{"line":109,"column":4},"end":{"line":109,"column":18}},"47":{"start":{"line":111,"column":4},"end":{"line":114,"column":6}},"48":{"start":{"line":118,"column":17},"end":{"line":118,"column":64}},"49":{"start":{"line":118,"column":44},"end":{"line":118,"column":63}},"50":{"start":{"line":119,"column":4},"end":{"line":119,"column":22}},"51":{"start":{"line":119,"column":15},"end":{"line":119,"column":22}},"52":{"start":{"line":120,"column":4},"end":{"line":125,"column":5}},"53":{"start":{"line":121,"column":6},"end":{"line":123,"column":8}},"54":{"start":{"line":124,"column":6},"end":{"line":124,"column":13}},"55":{"start":{"line":127,"column":4},"end":{"line":127,"column":26}},"56":{"start":{"line":129,"column":4},"end":{"line":135,"column":5}},"57":{"start":{"line":130,"column":6},"end":{"line":130,"column":31}},"58":{"start":{"line":132,"column":6},"end":{"line":132,"column":27}},"59":{"start":{"line":133,"column":6},"end":{"line":133,"column":29}},"60":{"start":{"line":134,"column":6},"end":{"line":134,"column":29}},"61":{"start":{"line":136,"column":4},"end":{"line":136,"column":18}},"62":{"start":{"line":140,"column":17},"end":{"line":140,"column":64}},"63":{"start":{"line":140,"column":44},"end":{"line":140,"column":63}},"64":{"start":{"line":141,"column":4},"end":{"line":141,"column":22}},"65":{"start":{"line":141,"column":15},"end":{"line":141,"column":22}},"66":{"start":{"line":143,"column":4},"end":{"line":143,"column":25}},"67":{"start":{"line":144,"column":4},"end":{"line":144,"column":27}},"68":{"start":{"line":145,"column":4},"end":{"line":145,"column":27}},"69":{"start":{"line":146,"column":4},"end":{"line":146,"column":26}},"70":{"start":{"line":147,"column":4},"end":{"line":147,"column":18}},"71":{"start":{"line":152,"column":4},"end":{"line":159,"column":5}},"72":{"start":{"line":153,"column":23},"end":{"line":153,"column":51}},"73":{"start":{"line":154,"column":6},"end":{"line":158,"column":8}},"74":{"start":{"line":157,"column":22},"end":{"line":157,"column":44}},"75":{"start":{"line":161,"column":17},"end":{"line":161,"column":70}},"76":{"start":{"line":161,"column":47},"end":{"line":161,"column":69}},"77":{"start":{"line":162,"column":4},"end":{"line":162,"column":27}},"78":{"start":{"line":162,"column":15},"end":{"line":162,"column":27}},"79":{"start":{"line":164,"column":20},"end":{"line":164,"column":62}},"80":{"start":{"line":166,"column":4},"end":{"line":166,"column":28}},"81":{"start":{"line":167,"column":4},"end":{"line":167,"column":25}},"82":{"start":{"line":169,"column":18},"end":{"line":171,"column":15}},"83":{"start":{"line":170,"column":6},"end":{"line":170,"column":29}},"84":{"start":{"line":173,"column":4},"end":{"line":177,"column":7}},"85":{"start":{"line":179,"column":4},"end":{"line":179,"column":18}},"86":{"start":{"line":181,"column":4},"end":{"line":185,"column":6}},"87":{"start":{"line":184,"column":20},"end":{"line":184,"column":42}},"88":{"start":{"line":189,"column":18},"end":{"line":189,"column":45}},"89":{"start":{"line":190,"column":4},"end":{"line":190,"column":23}},"90":{"start":{"line":190,"column":16},"end":{"line":190,"column":23}},"91":{"start":{"line":192,"column":4},"end":{"line":192,"column":30}},"92":{"start":{"line":193,"column":4},"end":{"line":193,"column":35}},"93":{"start":{"line":195,"column":17},"end":{"line":195,"column":70}},"94":{"start":{"line":195,"column":44},"end":{"line":195,"column":69}},"95":{"start":{"line":196,"column":4},"end":{"line":196,"column":51}},"96":{"start":{"line":196,"column":44},"end":{"line":196,"column":51}},"97":{"start":{"line":198,"column":4},"end":{"line":206,"column":5}},"98":{"start":{"line":199,"column":6},"end":{"line":199,"column":31}},"99":{"start":{"line":200,"column":6},"end":{"line":200,"column":28}},"100":{"start":{"line":202,"column":6},"end":{"line":202,"column":27}},"101":{"start":{"line":203,"column":6},"end":{"line":203,"column":28}},"102":{"start":{"line":204,"column":6},"end":{"line":204,"column":29}},"103":{"start":{"line":205,"column":6},"end":{"line":205,"column":29}},"104":{"start":{"line":207,"column":4},"end":{"line":207,"column":18}},"105":{"start":{"line":211,"column":17},"end":{"line":211,"column":54}},"106":{"start":{"line":212,"column":4},"end":{"line":214,"column":5}},"107":{"start":{"line":213,"column":6},"end":{"line":213,"column":29}},"108":{"start":{"line":218,"column":4},"end":{"line":223,"column":6}},"109":{"start":{"line":220,"column":51},"end":{"line":220,"column":70}},"110":{"start":{"line":221,"column":50},"end":{"line":221,"column":73}},"111":{"start":{"line":227,"column":4},"end":{"line":227,"column":30}},"112":{"start":{"line":231,"column":4},"end":{"line":231,"column":33}},"113":{"start":{"line":232,"column":4},"end":{"line":234,"column":6}},"114":{"start":{"line":233,"column":6},"end":{"line":233,"column":38}},"115":{"start":{"line":238,"column":18},"end":{"line":238,"column":33}},"116":{"start":{"line":239,"column":4},"end":{"line":239,"column":58}},"117":{"start":{"line":239,"column":41},"end":{"line":239,"column":56}},"118":{"start":{"line":243,"column":0},"end":{"line":243,"column":30}}},"fnMap":{"0":{"name":"(anonymous_0)","decl":{"start":{"line":29,"column":2},"end":{"line":29,"column":25}},"loc":{"start":{"line":29,"column":2},"end":{"line":29,"column":26}}},"1":{"name":"(anonymous_1)","decl":{"start":{"line":31,"column":2},"end":{"line":31,"column":8}},"loc":{"start":{"line":31,"column":20},"end":{"line":36,"column":3}}},"2":{"name":"(anonymous_2)","decl":{"start":{"line":38,"column":2},"end":{"line":38,"column":8}},"loc":{"start":{"line":38,"column":22},"end":{"line":43,"column":3}}},"3":{"name":"(anonymous_3)","decl":{"start":{"line":45,"column":2},"end":{"line":45,"column":12}},"loc":{"start":{"line":45,"column":41},"end":{"line":73,"column":3}}},"4":{"name":"(anonymous_4)","decl":{"start":{"line":75,"column":2},"end":{"line":75,"column":8}},"loc":{"start":{"line":75,"column":41},"end":{"line":115,"column":3}}},"5":{"name":"(anonymous_5)","decl":{"start":{"line":79,"column":8},"end":{"line":79,"column":9}},"loc":{"start":{"line":79,"column":18},"end":{"line":79,"column":69}}},"6":{"name":"(anonymous_6)","decl":{"start":{"line":103,"column":37},"end":{"line":103,"column":38}},"loc":{"start":{"line":103,"column":47},"end":{"line":103,"column":69}}},"7":{"name":"(anonymous_7)","decl":{"start":{"line":117,"column":2},"end":{"line":117,"column":9}},"loc":{"start":{"line":117,"column":28},"end":{"line":137,"column":3}}},"8":{"name":"(anonymous_8)","decl":{"start":{"line":118,"column":37},"end":{"line":118,"column":38}},"loc":{"start":{"line":118,"column":44},"end":{"line":118,"column":63}}},"9":{"name":"(anonymous_9)","decl":{"start":{"line":139,"column":2},"end":{"line":139,"column":10}},"loc":{"start":{"line":139,"column":29},"end":{"line":148,"column":3}}},"10":{"name":"(anonymous_10)","decl":{"start":{"line":140,"column":37},"end":{"line":140,"column":38}},"loc":{"start":{"line":140,"column":44},"end":{"line":140,"column":63}}},"11":{"name":"(anonymous_11)","decl":{"start":{"line":150,"column":2},"end":{"line":150,"column":8}},"loc":{"start":{"line":150,"column":45},"end":{"line":186,"column":3}}},"12":{"name":"(anonymous_12)","decl":{"start":{"line":157,"column":16},"end":{"line":157,"column":19}},"loc":{"start":{"line":157,"column":22},"end":{"line":157,"column":44}}},"13":{"name":"(anonymous_13)","decl":{"start":{"line":161,"column":37},"end":{"line":161,"column":38}},"loc":{"start":{"line":161,"column":47},"end":{"line":161,"column":69}}},"14":{"name":"(anonymous_14)","decl":{"start":{"line":169,"column":29},"end":{"line":169,"column":32}},"loc":{"start":{"line":169,"column":34},"end":{"line":171,"column":5}}},"15":{"name":"(anonymous_15)","decl":{"start":{"line":184,"column":14},"end":{"line":184,"column":17}},"loc":{"start":{"line":184,"column":20},"end":{"line":184,"column":42}}},"16":{"name":"(anonymous_16)","decl":{"start":{"line":188,"column":2},"end":{"line":188,"column":14}},"loc":{"start":{"line":188,"column":26},"end":{"line":208,"column":3}}},"17":{"name":"(anonymous_17)","decl":{"start":{"line":195,"column":37},"end":{"line":195,"column":38}},"loc":{"start":{"line":195,"column":44},"end":{"line":195,"column":69}}},"18":{"name":"(anonymous_18)","decl":{"start":{"line":210,"column":2},"end":{"line":210,"column":18}},"loc":{"start":{"line":210,"column":18},"end":{"line":215,"column":3}}},"19":{"name":"(anonymous_19)","decl":{"start":{"line":217,"column":2},"end":{"line":217,"column":10}},"loc":{"start":{"line":217,"column":10},"end":{"line":224,"column":3}}},"20":{"name":"(anonymous_20)","decl":{"start":{"line":220,"column":44},"end":{"line":220,"column":45}},"loc":{"start":{"line":220,"column":51},"end":{"line":220,"column":70}}},"21":{"name":"(anonymous_21)","decl":{"start":{"line":221,"column":43},"end":{"line":221,"column":44}},"loc":{"start":{"line":221,"column":50},"end":{"line":221,"column":73}}},"22":{"name":"(anonymous_22)","decl":{"start":{"line":226,"column":2},"end":{"line":226,"column":11}},"loc":{"start":{"line":226,"column":11},"end":{"line":228,"column":3}}},"23":{"name":"(anonymous_23)","decl":{"start":{"line":230,"column":2},"end":{"line":230,"column":11}},"loc":{"start":{"line":230,"column":34},"end":{"line":235,"column":3}}},"24":{"name":"(anonymous_24)","decl":{"start":{"line":232,"column":11},"end":{"line":232,"column":14}},"loc":{"start":{"line":232,"column":16},"end":{"line":234,"column":5}}},"25":{"name":"(anonymous_25)","decl":{"start":{"line":237,"column":10},"end":{"line":237,"column":16}},"loc":{"start":{"line":237,"column":16},"end":{"line":240,"column":3}}},"26":{"name":"(anonymous_26)","decl":{"start":{"line":239,"column":27},"end":{"line":239,"column":28}},"loc":{"start":{"line":239,"column":41},"end":{"line":239,"column":56}}}},"branchMap":{"0":{"loc":{"start":{"line":32,"column":4},"end":{"line":34,"column":5}},"type":"if","locations":[{"start":{"line":32,"column":4},"end":{"line":34,"column":5}}]},"1":{"loc":{"start":{"line":39,"column":4},"end":{"line":41,"column":5}},"type":"if","locations":[{"start":{"line":39,"column":4},"end":{"line":41,"column":5}}]},"2":{"loc":{"start":{"line":46,"column":4},"end":{"line":46,"column":33}},"type":"if","locations":[{"start":{"line":46,"column":4},"end":{"line":46,"column":33}}]},"3":{"loc":{"start":{"line":50,"column":4},"end":{"line":55,"column":5}},"type":"if","locations":[{"start":{"line":50,"column":4},"end":{"line":55,"column":5}}]},"4":{"loc":{"start":{"line":77,"column":4},"end":{"line":100,"column":5}},"type":"if","locations":[{"start":{"line":77,"column":4},"end":{"line":100,"column":5}}]},"5":{"loc":{"start":{"line":79,"column":18},"end":{"line":79,"column":69}},"type":"binary-expr","locations":[{"start":{"line":79,"column":18},"end":{"line":79,"column":43}},{"start":{"line":79,"column":47},"end":{"line":79,"column":69}}]},"6":{"loc":{"start":{"line":81,"column":6},"end":{"line":99,"column":7}},"type":"if","locations":[{"start":{"line":81,"column":6},"end":{"line":99,"column":7}}]},"7":{"loc":{"start":{"line":84,"column":8},"end":{"line":87,"column":9}},"type":"if","locations":[{"start":{"line":84,"column":8},"end":{"line":87,"column":9}}]},"8":{"loc":{"start":{"line":104,"column":4},"end":{"line":104,"column":27}},"type":"if","locations":[{"start":{"line":104,"column":4},"end":{"line":104,"column":27}}]},"9":{"loc":{"start":{"line":119,"column":4},"end":{"line":119,"column":22}},"type":"if","locations":[{"start":{"line":119,"column":4},"end":{"line":119,"column":22}}]},"10":{"loc":{"start":{"line":120,"column":4},"end":{"line":125,"column":5}},"type":"if","locations":[{"start":{"line":120,"column":4},"end":{"line":125,"column":5}}]},"11":{"loc":{"start":{"line":129,"column":4},"end":{"line":135,"column":5}},"type":"if","locations":[{"start":{"line":129,"column":4},"end":{"line":135,"column":5}},{"start":{"line":131,"column":11},"end":{"line":135,"column":5}}]},"12":{"loc":{"start":{"line":141,"column":4},"end":{"line":141,"column":22}},"type":"if","locations":[{"start":{"line":141,"column":4},"end":{"line":141,"column":22}}]},"13":{"loc":{"start":{"line":152,"column":4},"end":{"line":159,"column":5}},"type":"if","locations":[{"start":{"line":152,"column":4},"end":{"line":159,"column":5}}]},"14":{"loc":{"start":{"line":162,"column":4},"end":{"line":162,"column":27}},"type":"if","locations":[{"start":{"line":162,"column":4},"end":{"line":162,"column":27}}]},"15":{"loc":{"start":{"line":164,"column":20},"end":{"line":164,"column":62}},"type":"binary-expr","locations":[{"start":{"line":164,"column":20},"end":{"line":164,"column":36}},{"start":{"line":164,"column":40},"end":{"line":164,"column":62}}]},"16":{"loc":{"start":{"line":190,"column":4},"end":{"line":190,"column":23}},"type":"if","locations":[{"start":{"line":190,"column":4},"end":{"line":190,"column":23}}]},"17":{"loc":{"start":{"line":196,"column":4},"end":{"line":196,"column":51}},"type":"if","locations":[{"start":{"line":196,"column":4},"end":{"line":196,"column":51}}]},"18":{"loc":{"start":{"line":196,"column":8},"end":{"line":196,"column":42}},"type":"binary-expr","locations":[{"start":{"line":196,"column":8},"end":{"line":196,"column":13}},{"start":{"line":196,"column":17},"end":{"line":196,"column":42}}]},"19":{"loc":{"start":{"line":198,"column":4},"end":{"line":206,"column":5}},"type":"if","locations":[{"start":{"line":198,"column":4},"end":{"line":206,"column":5}},{"start":{"line":201,"column":11},"end":{"line":206,"column":5}}]}},"s":{"0":5,"1":5,"2":5,"3":65,"4":65,"5":65,"6":65,"7":65,"8":107,"9":65,"10":107,"11":66,"12":60,"13":66,"14":65,"15":1,"16":64,"17":64,"18":2,"19":2,"20":64,"21":64,"22":64,"23":138,"24":64,"25":64,"26":46,"27":20,"28":37,"29":20,"30":4,"31":4,"32":4,"33":4,"34":4,"35":4,"36":4,"37":4,"38":4,"39":42,"40":49,"41":42,"42":5,"43":37,"44":37,"45":37,"46":37,"47":37,"48":20,"49":22,"50":20,"51":1,"52":19,"53":3,"54":3,"55":16,"56":16,"57":11,"58":5,"59":5,"60":5,"61":16,"62":3,"63":4,"64":3,"65":1,"66":2,"67":2,"68":2,"69":2,"70":2,"71":21,"72":1,"73":1,"74":0,"75":20,"76":20,"77":20,"78":2,"79":18,"80":18,"81":18,"82":18,"83":1,"84":18,"85":18,"86":18,"87":1,"88":15,"89":15,"90":1,"91":14,"92":14,"93":14,"94":14,"95":14,"96":0,"97":14,"98":12,"99":12,"100":2,"101":2,"102":2,"103":2,"104":14,"105":70,"106":70,"107":10,"108":225,"109":479,"110":479,"111":1,"112":32,"113":32,"114":11,"115":155,"116":155,"117":15,"118":5},"f":{"0":65,"1":107,"2":66,"3":65,"4":46,"5":37,"6":49,"7":20,"8":22,"9":3,"10":4,"11":21,"12":0,"13":20,"14":1,"15":1,"16":15,"17":14,"18":70,"19":225,"20":479,"21":479,"22":1,"23":32,"24":11,"25":155,"26":15},"b":{"0":[65],"1":[60],"2":[1],"3":[2],"4":[20],"5":[37,6],"6":[4],"7":[4],"8":[5],"9":[1],"10":[3],"11":[11,5],"12":[1],"13":[1],"14":[2],"15":[18,17],"16":[1],"17":[0],"18":[14,14],"19":[12,2]}}
,"/Users/logan/Repository/wooBottle/personalProjects/react-native-instant-webview/src/WebViewPoolProvider.tsx": {"path":"/Users/logan/Repository/wooBottle/personalProjects/react-native-instant-webview/src/WebViewPoolProvider.tsx","statementMap":{"0":{"start":{"line":28,"column":0},"end":{"line":28,"column":16}},"1":{"start":{"line":1,"column":0},"end":{"line":1,"column":null}},"2":{"start":{"line":10,"column":0},"end":{"line":10,"column":48}},"3":{"start":{"line":12,"column":0},"end":{"line":12,"column":50}},"4":{"start":{"line":13,"column":0},"end":{"line":13,"column":46}},"5":{"start":{"line":14,"column":0},"end":{"line":14,"column":40}},"6":{"start":{"line":26,"column":27},"end":{"line":26,"column":78}},"7":{"start":{"line":29,"column":14},"end":{"line":29,"column":44}},"8":{"start":{"line":30,"column":2},"end":{"line":32,"column":3}},"9":{"start":{"line":31,"column":4},"end":{"line":31,"column":80}},"10":{"start":{"line":33,"column":2},"end":{"line":33,"column":13}},"11":{"start":{"line":36,"column":71},"end":{"line":149,"column":1}},"12":{"start":{"line":37,"column":21},"end":{"line":37,"column":57}},"13":{"start":{"line":38,"column":23},"end":{"line":41,"column":12}},"14":{"start":{"line":43,"column":36},"end":{"line":47,"column":4}},"15":{"start":{"line":44,"column":16},"end":{"line":44,"column":34}},"16":{"start":{"line":45,"column":4},"end":{"line":45,"column":33}},"17":{"start":{"line":46,"column":4},"end":{"line":46,"column":26}},"18":{"start":{"line":49,"column":21},"end":{"line":49,"column":74}},"19":{"start":{"line":50,"column":19},"end":{"line":50,"column":72}},"20":{"start":{"line":52,"column":26},"end":{"line":52,"column":37}},"21":{"start":{"line":54,"column":2},"end":{"line":63,"column":9}},"22":{"start":{"line":55,"column":16},"end":{"line":55,"column":34}},"23":{"start":{"line":56,"column":18},"end":{"line":58,"column":6}},"24":{"start":{"line":57,"column":6},"end":{"line":57,"column":26}},"25":{"start":{"line":59,"column":4},"end":{"line":62,"column":6}},"26":{"start":{"line":60,"column":6},"end":{"line":60,"column":14}},"27":{"start":{"line":61,"column":6},"end":{"line":61,"column":29}},"28":{"start":{"line":65,"column":17},"end":{"line":67,"column":8}},"29":{"start":{"line":66,"column":4},"end":{"line":66,"column":54}},"30":{"start":{"line":69,"column":18},"end":{"line":73,"column":8}},"31":{"start":{"line":70,"column":4},"end":{"line":70,"column":42}},"32":{"start":{"line":71,"column":4},"end":{"line":71,"column":40}},"33":{"start":{"line":72,"column":4},"end":{"line":72,"column":43}},"34":{"start":{"line":75,"column":28},"end":{"line":80,"column":null}},"35":{"start":{"line":77,"column":6},"end":{"line":77,"column":49}},"36":{"start":{"line":78,"column":6},"end":{"line":78,"column":32}},"37":{"start":{"line":78,"column":25},"end":{"line":78,"column":30}},"38":{"start":{"line":83,"column":27},"end":{"line":86,"column":8}},"39":{"start":{"line":84,"column":4},"end":{"line":84,"column":44}},"40":{"start":{"line":85,"column":4},"end":{"line":85,"column":30}},"41":{"start":{"line":85,"column":23},"end":{"line":85,"column":28}},"42":{"start":{"line":88,"column":28},"end":{"line":90,"column":8}},"43":{"start":{"line":89,"column":4},"end":{"line":89,"column":54}},"44":{"start":{"line":92,"column":27},"end":{"line":94,"column":8}},"45":{"start":{"line":93,"column":4},"end":{"line":93,"column":44}},"46":{"start":{"line":96,"column":24},"end":{"line":99,"column":8}},"47":{"start":{"line":97,"column":17},"end":{"line":97,"column":89}},"48":{"start":{"line":97,"column":69},"end":{"line":97,"column":88}},"49":{"start":{"line":98,"column":4},"end":{"line":98,"column":44}},"50":{"start":{"line":101,"column":17},"end":{"line":103,"column":8}},"51":{"start":{"line":102,"column":4},"end":{"line":102,"column":51}},"52":{"start":{"line":105,"column":23},"end":{"line":107,"column":8}},"53":{"start":{"line":106,"column":4},"end":{"line":106,"column":41}},"54":{"start":{"line":109,"column":32},"end":{"line":111,"column":8}},"55":{"start":{"line":110,"column":4},"end":{"line":110,"column":44}},"56":{"start":{"line":113,"column":23},"end":{"line":129,"column":null}},"57":{"start":{"line":114,"column":11},"end":{"line":125,"column":6}},"58":{"start":{"line":132,"column":2},"end":{"line":148,"column":4}},"59":{"start":{"line":137,"column":10},"end":{"line":138,"column":null}},"60":{"start":{"line":36,"column":13},"end":{"line":36,"column":71}},"61":{"start":{"line":151,"column":15},"end":{"line":155,"column":2}},"62":{"start":{"line":157,"column":0},"end":{"line":157,"column":35}}},"fnMap":{"0":{"name":"useWebViewPool","decl":{"start":{"line":28,"column":16},"end":{"line":28,"column":30}},"loc":{"start":{"line":28,"column":30},"end":{"line":34,"column":1}}},"1":{"name":"(anonymous_2)","decl":{"start":{"line":36,"column":71},"end":{"line":36,"column":72}},"loc":{"start":{"line":36,"column":96},"end":{"line":149,"column":1}}},"2":{"name":"(anonymous_3)","decl":{"start":{"line":43,"column":56},"end":{"line":43,"column":59}},"loc":{"start":{"line":43,"column":61},"end":{"line":47,"column":3}}},"3":{"name":"(anonymous_4)","decl":{"start":{"line":54,"column":12},"end":{"line":54,"column":15}},"loc":{"start":{"line":54,"column":17},"end":{"line":63,"column":3}}},"4":{"name":"(anonymous_5)","decl":{"start":{"line":56,"column":32},"end":{"line":56,"column":33}},"loc":{"start":{"line":56,"column":42},"end":{"line":58,"column":5}}},"5":{"name":"(anonymous_6)","decl":{"start":{"line":59,"column":11},"end":{"line":59,"column":14}},"loc":{"start":{"line":59,"column":16},"end":{"line":62,"column":5}}},"6":{"name":"(anonymous_7)","decl":{"start":{"line":65,"column":29},"end":{"line":65,"column":30}},"loc":{"start":{"line":65,"column":87},"end":{"line":67,"column":3}}},"7":{"name":"(anonymous_8)","decl":{"start":{"line":69,"column":30},"end":{"line":69,"column":31}},"loc":{"start":{"line":69,"column":59},"end":{"line":73,"column":3}}},"8":{"name":"(anonymous_9)","decl":{"start":{"line":76,"column":4},"end":{"line":76,"column":5}},"loc":{"start":{"line":76,"column":64},"end":{"line":79,"column":5}}},"9":{"name":"(anonymous_10)","decl":{"start":{"line":78,"column":18},"end":{"line":78,"column":19}},"loc":{"start":{"line":78,"column":25},"end":{"line":78,"column":30}}},"10":{"name":"(anonymous_11)","decl":{"start":{"line":83,"column":39},"end":{"line":83,"column":40}},"loc":{"start":{"line":83,"column":98},"end":{"line":86,"column":3}}},"11":{"name":"(anonymous_12)","decl":{"start":{"line":85,"column":16},"end":{"line":85,"column":17}},"loc":{"start":{"line":85,"column":23},"end":{"line":85,"column":28}}},"12":{"name":"(anonymous_13)","decl":{"start":{"line":88,"column":40},"end":{"line":88,"column":41}},"loc":{"start":{"line":88,"column":86},"end":{"line":90,"column":3}}},"13":{"name":"(anonymous_14)","decl":{"start":{"line":92,"column":39},"end":{"line":92,"column":40}},"loc":{"start":{"line":92,"column":97},"end":{"line":94,"column":3}}},"14":{"name":"(anonymous_15)","decl":{"start":{"line":96,"column":36},"end":{"line":96,"column":37}},"loc":{"start":{"line":96,"column":75},"end":{"line":99,"column":3}}},"15":{"name":"(anonymous_16)","decl":{"start":{"line":97,"column":62},"end":{"line":97,"column":63}},"loc":{"start":{"line":97,"column":69},"end":{"line":97,"column":88}}},"16":{"name":"(anonymous_17)","decl":{"start":{"line":101,"column":29},"end":{"line":101,"column":30}},"loc":{"start":{"line":101,"column":91},"end":{"line":103,"column":3}}},"17":{"name":"(anonymous_18)","decl":{"start":{"line":105,"column":35},"end":{"line":105,"column":36}},"loc":{"start":{"line":105,"column":57},"end":{"line":107,"column":3}}},"18":{"name":"(anonymous_19)","decl":{"start":{"line":109,"column":44},"end":{"line":109,"column":45}},"loc":{"start":{"line":109,"column":67},"end":{"line":111,"column":3}}},"19":{"name":"(anonymous_20)","decl":{"start":{"line":114,"column":4},"end":{"line":114,"column":7}},"loc":{"start":{"line":114,"column":11},"end":{"line":125,"column":6}}},"20":{"name":"(anonymous_21)","decl":{"start":{"line":136,"column":33},"end":{"line":136,"column":34}},"loc":{"start":{"line":137,"column":10},"end":{"line":138,"column":null}}}},"branchMap":{"0":{"loc":{"start":{"line":30,"column":2},"end":{"line":32,"column":3}},"type":"if","locations":[{"start":{"line":30,"column":2},"end":{"line":32,"column":3}}]},"1":{"loc":{"start":{"line":89,"column":11},"end":{"line":89,"column":53}},"type":"binary-expr","locations":[{"start":{"line":89,"column":11},"end":{"line":89,"column":45}},{"start":{"line":89,"column":49},"end":{"line":89,"column":53}}]},"2":{"loc":{"start":{"line":98,"column":11},"end":{"line":98,"column":43}},"type":"binary-expr","locations":[{"start":{"line":98,"column":11},"end":{"line":98,"column":35}},{"start":{"line":98,"column":39},"end":{"line":98,"column":43}}]},"3":{"loc":{"start":{"line":140,"column":20},"end":{"line":140,"column":63}},"type":"binary-expr","locations":[{"start":{"line":140,"column":20},"end":{"line":140,"column":55}},{"start":{"line":140,"column":59},"end":{"line":140,"column":63}}]}},"s":{"0":4,"1":4,"2":4,"3":4,"4":4,"5":4,"6":4,"7":70,"8":69,"9":1,"10":68,"11":4,"12":60,"13":60,"14":60,"15":30,"16":30,"17":30,"18":60,"19":60,"20":60,"21":60,"22":30,"23":30,"24":13,"25":30,"26":10,"27":10,"28":60,"29":24,"30":60,"31":9,"32":9,"33":9,"34":60,"35":5,"36":5,"37":1,"38":60,"39":16,"40":16,"41":16,"42":60,"43":2,"44":60,"45":2,"46":60,"47":4,"48":5,"49":4,"50":60,"51":8,"52":60,"53":1,"54":60,"55":0,"56":60,"57":43,"58":60,"59":124,"60":4,"61":4,"62":4},"f":{"0":70,"1":60,"2":30,"3":30,"4":13,"5":10,"6":24,"7":9,"8":5,"9":1,"10":16,"11":16,"12":2,"13":2,"14":4,"15":5,"16":8,"17":1,"18":0,"19":43,"20":124},"b":{"0":[1],"1":[2,1],"2":[4,4],"3":[124,122]}}
,"/Users/logan/Repository/wooBottle/personalProjects/react-native-instant-webview/src/WebViewSlot.tsx": {"path":"/Users/logan/Repository/wooBottle/personalProjects/react-native-instant-webview/src/WebViewSlot.tsx","statementMap":{"0":{"start":{"line":1,"column":0},"end":{"line":1,"column":68}},"1":{"start":{"line":2,"column":0},"end":{"line":2,"column":52}},"2":{"start":{"line":3,"column":0},"end":{"line":3,"column":47}},"3":{"start":{"line":4,"column":0},"end":{"line":4,"column":78}},"4":{"start":{"line":5,"column":0},"end":{"line":5,"column":88}},"5":{"start":{"line":17,"column":48},"end":{"line":118,"column":1}},"6":{"start":{"line":24,"column":20},"end":{"line":24,"column":68}},"7":{"start":{"line":25,"column":24},"end":{"line":25,"column":47}},"8":{"start":{"line":26,"column":27},"end":{"line":26,"column":45}},"9":{"start":{"line":34,"column":38},"end":{"line":34,"column":53}},"10":{"start":{"line":36,"column":2},"end":{"line":40,"column":36}},"11":{"start":{"line":37,"column":4},"end":{"line":39,"column":5}},"12":{"start":{"line":38,"column":6},"end":{"line":38,"column":26}},"13":{"start":{"line":43,"column":2},"end":{"line":53,"column":57}},"14":{"start":{"line":44,"column":4},"end":{"line":44,"column":48}},"15":{"start":{"line":44,"column":41},"end":{"line":44,"column":48}},"16":{"start":{"line":46,"column":23},"end":{"line":46,"column":83}},"17":{"start":{"line":48,"column":4},"end":{"line":52,"column":5}},"18":{"start":{"line":49,"column":6},"end":{"line":49,"column":38}},"19":{"start":{"line":50,"column":11},"end":{"line":52,"column":5}},"20":{"start":{"line":51,"column":6},"end":{"line":51,"column":56}},"21":{"start":{"line":56,"column":2},"end":{"line":75,"column":5}},"22":{"start":{"line":57,"column":4},"end":{"line":67,"column":5}},"23":{"start":{"line":58,"column":18},"end":{"line":58,"column":45}},"24":{"start":{"line":59,"column":6},"end":{"line":62,"column":7}},"25":{"start":{"line":60,"column":23},"end":{"line":60,"column":67}},"26":{"start":{"line":61,"column":8},"end":{"line":61,"column":37}},"27":{"start":{"line":63,"column":20},"end":{"line":65,"column":13}},"28":{"start":{"line":64,"column":8},"end":{"line":64,"column":39}},"29":{"start":{"line":66,"column":6},"end":{"line":66,"column":39}},"30":{"start":{"line":66,"column":19},"end":{"line":66,"column":38}},"31":{"start":{"line":68,"column":4},"end":{"line":68,"column":44}},"32":{"start":{"line":77,"column":25},"end":{"line":88,"column":25}},"33":{"start":{"line":78,"column":4},"end":{"line":80,"column":5}},"34":{"start":{"line":79,"column":6},"end":{"line":79,"column":26}},"35":{"start":{"line":81,"column":4},"end":{"line":87,"column":6}},"36":{"start":{"line":90,"column":17},"end":{"line":98,"column":66}},"37":{"start":{"line":91,"column":4},"end":{"line":93,"column":5}},"38":{"start":{"line":92,"column":6},"end":{"line":92,"column":41}},"39":{"start":{"line":94,"column":4},"end":{"line":96,"column":5}},"40":{"start":{"line":95,"column":6},"end":{"line":95,"column":34}},"41":{"start":{"line":97,"column":4},"end":{"line":97,"column":29}},"42":{"start":{"line":103,"column":30},"end":{"line":103,"column":40}},"43":{"start":{"line":105,"column":2},"end":{"line":117,"column":4}},"44":{"start":{"line":120,"column":0},"end":{"line":120,"column":39}}},"fnMap":{"0":{"name":"(anonymous_9)","decl":{"start":{"line":17,"column":48},"end":{"line":17,"column":49}},"loc":{"start":{"line":23,"column":5},"end":{"line":118,"column":1}}},"1":{"name":"(anonymous_10)","decl":{"start":{"line":36,"column":12},"end":{"line":36,"column":15}},"loc":{"start":{"line":36,"column":17},"end":{"line":40,"column":3}}},"2":{"name":"(anonymous_11)","decl":{"start":{"line":43,"column":12},"end":{"line":43,"column":15}},"loc":{"start":{"line":43,"column":17},"end":{"line":53,"column":3}}},"3":{"name":"(anonymous_12)","decl":{"start":{"line":56,"column":12},"end":{"line":56,"column":15}},"loc":{"start":{"line":56,"column":17},"end":{"line":69,"column":3}}},"4":{"name":"(anonymous_13)","decl":{"start":{"line":63,"column":31},"end":{"line":63,"column":34}},"loc":{"start":{"line":63,"column":36},"end":{"line":65,"column":7}}},"5":{"name":"(anonymous_14)","decl":{"start":{"line":66,"column":13},"end":{"line":66,"column":16}},"loc":{"start":{"line":66,"column":19},"end":{"line":66,"column":38}}},"6":{"name":"(anonymous_15)","decl":{"start":{"line":77,"column":44},"end":{"line":77,"column":47}},"loc":{"start":{"line":77,"column":49},"end":{"line":88,"column":3}}},"7":{"name":"(anonymous_16)","decl":{"start":{"line":90,"column":25},"end":{"line":90,"column":28}},"loc":{"start":{"line":90,"column":30},"end":{"line":98,"column":3}}}},"branchMap":{"0":{"loc":{"start":{"line":24,"column":20},"end":{"line":24,"column":68}},"type":"binary-expr","locations":[{"start":{"line":24,"column":20},"end":{"line":24,"column":50}},{"start":{"line":24,"column":54},"end":{"line":24,"column":68}}]},"1":{"loc":{"start":{"line":37,"column":4},"end":{"line":39,"column":5}},"type":"if","locations":[{"start":{"line":37,"column":4},"end":{"line":39,"column":5}}]},"2":{"loc":{"start":{"line":37,"column":8},"end":{"line":37,"column":88}},"type":"binary-expr","locations":[{"start":{"line":37,"column":9},"end":{"line":37,"column":39}},{"start":{"line":37,"column":43},"end":{"line":37,"column":72}},{"start":{"line":37,"column":77},"end":{"line":37,"column":88}}]},"3":{"loc":{"start":{"line":44,"column":4},"end":{"line":44,"column":48}},"type":"if","locations":[{"start":{"line":44,"column":4},"end":{"line":44,"column":48}}]},"4":{"loc":{"start":{"line":44,"column":8},"end":{"line":44,"column":39}},"type":"binary-expr","locations":[{"start":{"line":44,"column":8},"end":{"line":44,"column":24}},{"start":{"line":44,"column":28},"end":{"line":44,"column":39}}]},"5":{"loc":{"start":{"line":46,"column":23},"end":{"line":46,"column":83}},"type":"binary-expr","locations":[{"start":{"line":46,"column":23},"end":{"line":46,"column":49}},{"start":{"line":46,"column":53},"end":{"line":46,"column":83}}]},"6":{"loc":{"start":{"line":48,"column":4},"end":{"line":52,"column":5}},"type":"if","locations":[{"start":{"line":48,"column":4},"end":{"line":52,"column":5}},{"start":{"line":50,"column":11},"end":{"line":52,"column":5}}]},"7":{"loc":{"start":{"line":50,"column":11},"end":{"line":52,"column":5}},"type":"if","locations":[{"start":{"line":50,"column":11},"end":{"line":52,"column":5}}]},"8":{"loc":{"start":{"line":50,"column":15},"end":{"line":50,"column":78}},"type":"binary-expr","locations":[{"start":{"line":50,"column":15},"end":{"line":50,"column":45}},{"start":{"line":50,"column":49},"end":{"line":50,"column":78}}]},"9":{"loc":{"start":{"line":57,"column":4},"end":{"line":67,"column":5}},"type":"if","locations":[{"start":{"line":57,"column":4},"end":{"line":67,"column":5}}]},"10":{"loc":{"start":{"line":57,"column":8},"end":{"line":57,"column":78}},"type":"binary-expr","locations":[{"start":{"line":57,"column":8},"end":{"line":57,"column":44}},{"start":{"line":57,"column":48},"end":{"line":57,"column":78}}]},"11":{"loc":{"start":{"line":59,"column":6},"end":{"line":62,"column":7}},"type":"if","locations":[{"start":{"line":59,"column":6},"end":{"line":62,"column":7}}]},"12":{"loc":{"start":{"line":60,"column":23},"end":{"line":60,"column":67}},"type":"binary-expr","locations":[{"start":{"line":60,"column":23},"end":{"line":60,"column":49}},{"start":{"line":60,"column":53},"end":{"line":60,"column":67}}]},"13":{"loc":{"start":{"line":78,"column":4},"end":{"line":80,"column":5}},"type":"if","locations":[{"start":{"line":78,"column":4},"end":{"line":80,"column":5}}]},"14":{"loc":{"start":{"line":78,"column":8},"end":{"line":78,"column":29}},"type":"binary-expr","locations":[{"start":{"line":78,"column":8},"end":{"line":78,"column":18}},{"start":{"line":78,"column":22},"end":{"line":78,"column":29}}]},"15":{"loc":{"start":{"line":91,"column":4},"end":{"line":93,"column":5}},"type":"if","locations":[{"start":{"line":91,"column":4},"end":{"line":93,"column":5}}]},"16":{"loc":{"start":{"line":91,"column":8},"end":{"line":91,"column":59}},"type":"binary-expr","locations":[{"start":{"line":91,"column":8},"end":{"line":91,"column":37}},{"start":{"line":91,"column":41},"end":{"line":91,"column":59}}]},"17":{"loc":{"start":{"line":94,"column":4},"end":{"line":96,"column":5}},"type":"if","locations":[{"start":{"line":94,"column":4},"end":{"line":96,"column":5}}]},"18":{"loc":{"start":{"line":94,"column":8},"end":{"line":94,"column":63}},"type":"binary-expr","locations":[{"start":{"line":94,"column":8},"end":{"line":94,"column":38}},{"start":{"line":94,"column":42},"end":{"line":94,"column":63}}]},"19":{"loc":{"start":{"line":106,"column":71},"end":{"line":106,"column":98}},"type":"cond-expr","locations":[{"start":{"line":106,"column":83},"end":{"line":106,"column":89}},{"start":{"line":106,"column":92},"end":{"line":106,"column":98}}]},"20":{"loc":{"start":{"line":107,"column":7},"end":{"line":114,"column":null}},"type":"binary-expr","locations":[{"start":{"line":107,"column":7},"end":{"line":107,"column":26}},{"start":{"line":108,"column":8},"end":{"line":113,"column":null}}]},"21":{"loc":{"start":{"line":110,"column":15},"end":{"line":110,"column":47}},"type":"binary-expr","locations":[{"start":{"line":110,"column":15},"end":{"line":110,"column":41}},{"start":{"line":110,"column":45},"end":{"line":110,"column":47}}]},"22":{"loc":{"start":{"line":111,"column":15},"end":{"line":111,"column":73}},"type":"cond-expr","locations":[{"start":{"line":111,"column":48},"end":{"line":111,"column":61}},{"start":{"line":111,"column":64},"end":{"line":111,"column":73}}]},"23":{"loc":{"start":{"line":113,"column":31},"end":{"line":113,"column":96}},"type":"cond-expr","locations":[{"start":{"line":113,"column":64},"end":{"line":113,"column":84}},{"start":{"line":113,"column":87},"end":{"line":113,"column":96}}]}},"s":{"0":5,"1":5,"2":5,"3":5,"4":5,"5":5,"6":107,"7":107,"8":107,"9":107,"10":107,"11":105,"12":27,"13":107,"14":105,"15":105,"16":0,"17":0,"18":0,"19":0,"20":0,"21":107,"22":96,"23":3,"24":3,"25":3,"26":3,"27":3,"28":1,"29":3,"30":1,"31":93,"32":107,"33":77,"34":70,"35":7,"36":107,"37":98,"38":5,"39":93,"40":23,"41":70,"42":107,"43":107,"44":5},"f":{"0":107,"1":105,"2":105,"3":96,"4":1,"5":1,"6":77,"7":98},"b":{"0":[107,32],"1":[27],"2":[105,61,54],"3":[105],"4":[105,0],"5":[0,0],"6":[0,0],"7":[0],"8":[0,0],"9":[3],"10":[96,96],"11":[3],"12":[3,2],"13":[70],"14":[77,7],"15":[5],"16":[98,5],"17":[23],"18":[93,24],"19":[15,92],"20":[107,33],"21":[33,31],"22":[24,9],"23":[24,9]}}
,"/Users/logan/Repository/wooBottle/personalProjects/react-native-instant-webview/src/constants.ts": {"path":"/Users/logan/Repository/wooBottle/personalProjects/react-native-instant-webview/src/constants.ts","statementMap":{"0":{"start":{"line":4,"column":13},"end":{"line":7,"column":2}},"1":{"start":{"line":9,"column":13},"end":{"line":9,"column":44}},"2":{"start":{"line":11,"column":13},"end":{"line":18,"column":2}},"3":{"start":{"line":24,"column":13},"end":{"line":24,"column":55}},"4":{"start":{"line":30,"column":13},"end":{"line":48,"column":2}}},"fnMap":{},"branchMap":{},"s":{"0":6,"1":6,"2":6,"3":6,"4":6},"f":{},"b":{}}
,"/Users/logan/Repository/wooBottle/personalProjects/react-native-instant-webview/src/usePooledWebView.ts": {"path":"/Users/logan/Repository/wooBottle/personalProjects/react-native-instant-webview/src/usePooledWebView.ts","statementMap":{"0":{"start":{"line":9,"column":0},"end":{"line":9,"column":16}},"1":{"start":{"line":1,"column":0},"end":{"line":1,"column":65}},"2":{"start":{"line":4,"column":0},"end":{"line":4,"column":55}},"3":{"start":{"line":7,"column":28},"end":{"line":7,"column":29}},"4":{"start":{"line":10,"column":15},"end":{"line":10,"column":31}},"5":{"start":{"line":11,"column":24},"end":{"line":11,"column":51}},"6":{"start":{"line":12,"column":24},"end":{"line":12,"column":70}},"7":{"start":{"line":13,"column":38},"end":{"line":13,"column":67}},"8":{"start":{"line":15,"column":2},"end":{"line":23,"column":13}},"9":{"start":{"line":16,"column":4},"end":{"line":22,"column":6}},"10":{"start":{"line":17,"column":6},"end":{"line":21,"column":7}},"11":{"start":{"line":18,"column":8},"end":{"line":18,"column":44}},"12":{"start":{"line":19,"column":8},"end":{"line":19,"column":37}},"13":{"start":{"line":20,"column":8},"end":{"line":20,"column":37}},"14":{"start":{"line":25,"column":17},"end":{"line":41,"column":12}},"15":{"start":{"line":26,"column":4},"end":{"line":31,"column":5}},"16":{"start":{"line":27,"column":6},"end":{"line":30,"column":8}},"17":{"start":{"line":33,"column":23},"end":{"line":33,"column":65}},"18":{"start":{"line":34,"column":19},"end":{"line":34,"column":42}},"19":{"start":{"line":35,"column":4},"end":{"line":35,"column":29}},"20":{"start":{"line":35,"column":17},"end":{"line":35,"column":29}},"21":{"start":{"line":37,"column":4},"end":{"line":37,"column":46}},"22":{"start":{"line":38,"column":4},"end":{"line":38,"column":46}},"23":{"start":{"line":39,"column":4},"end":{"line":39,"column":37}},"24":{"start":{"line":40,"column":4},"end":{"line":40,"column":18}},"25":{"start":{"line":43,"column":18},"end":{"line":50,"column":12}},"26":{"start":{"line":44,"column":4},"end":{"line":49,"column":5}},"27":{"start":{"line":45,"column":6},"end":{"line":45,"column":42}},"28":{"start":{"line":46,"column":6},"end":{"line":46,"column":35}},"29":{"start":{"line":47,"column":6},"end":{"line":47,"column":35}},"30":{"start":{"line":48,"column":6},"end":{"line":48,"column":26}},"31":{"start":{"line":52,"column":2},"end":{"line":57,"column":4}}},"fnMap":{"0":{"name":"usePooledWebView","decl":{"start":{"line":9,"column":16},"end":{"line":9,"column":32}},"loc":{"start":{"line":9,"column":32},"end":{"line":58,"column":1}}},"1":{"name":"(anonymous_1)","decl":{"start":{"line":15,"column":12},"end":{"line":15,"column":15}},"loc":{"start":{"line":15,"column":17},"end":{"line":23,"column":3}}},"2":{"name":"(anonymous_2)","decl":{"start":{"line":16,"column":11},"end":{"line":16,"column":14}},"loc":{"start":{"line":16,"column":16},"end":{"line":22,"column":5}}},"3":{"name":"(anonymous_3)","decl":{"start":{"line":25,"column":29},"end":{"line":25,"column":32}},"loc":{"start":{"line":25,"column":34},"end":{"line":41,"column":3}}},"4":{"name":"(anonymous_4)","decl":{"start":{"line":43,"column":30},"end":{"line":43,"column":33}},"loc":{"start":{"line":43,"column":35},"end":{"line":50,"column":3}}}},"branchMap":{"0":{"loc":{"start":{"line":17,"column":6},"end":{"line":21,"column":7}},"type":"if","locations":[{"start":{"line":17,"column":6},"end":{"line":21,"column":7}}]},"1":{"loc":{"start":{"line":26,"column":4},"end":{"line":31,"column":5}},"type":"if","locations":[{"start":{"line":26,"column":4},"end":{"line":31,"column":5}}]},"2":{"loc":{"start":{"line":35,"column":4},"end":{"line":35,"column":29}},"type":"if","locations":[{"start":{"line":35,"column":4},"end":{"line":35,"column":29}}]},"3":{"loc":{"start":{"line":44,"column":4},"end":{"line":49,"column":5}},"type":"if","locations":[{"start":{"line":44,"column":4},"end":{"line":49,"column":5}}]}},"s":{"0":1,"1":1,"2":1,"3":1,"4":20,"5":20,"6":20,"7":20,"8":20,"9":20,"10":13,"11":5,"12":5,"13":5,"14":20,"15":7,"16":1,"17":6,"18":6,"19":6,"20":1,"21":5,"22":5,"23":5,"24":5,"25":20,"26":2,"27":0,"28":0,"29":0,"30":0,"31":20},"f":{"0":20,"1":20,"2":13,"3":7,"4":2},"b":{"0":[5],"1":[1],"2":[1],"3":[0]}}
,"/Users/logan/Repository/wooBottle/personalProjects/react-native-instant-webview/src/useWarmUp.ts": {"path":"/Users/logan/Repository/wooBottle/personalProjects/react-native-instant-webview/src/useWarmUp.ts","statementMap":{"0":{"start":{"line":5,"column":0},"end":{"line":5,"column":16}},"1":{"start":{"line":1,"column":0},"end":{"line":1,"column":36}},"2":{"start":{"line":2,"column":0},"end":{"line":2,"column":55}},"3":{"start":{"line":6,"column":15},"end":{"line":6,"column":31}},"4":{"start":{"line":8,"column":17},"end":{"line":12,"column":null}},"5":{"start":{"line":10,"column":6},"end":{"line":10,"column":39}},"6":{"start":{"line":15,"column":23},"end":{"line":19,"column":null}},"7":{"start":{"line":17,"column":6},"end":{"line":17,"column":29}},"8":{"start":{"line":22,"column":2},"end":{"line":22,"column":34}}},"fnMap":{"0":{"name":"useWarmUp","decl":{"start":{"line":5,"column":16},"end":{"line":5,"column":25}},"loc":{"start":{"line":5,"column":25},"end":{"line":23,"column":1}}},"1":{"name":"(anonymous_1)","decl":{"start":{"line":9,"column":4},"end":{"line":9,"column":5}},"loc":{"start":{"line":9,"column":66},"end":{"line":11,"column":5}}},"2":{"name":"(anonymous_2)","decl":{"start":{"line":16,"column":4},"end":{"line":16,"column":5}},"loc":{"start":{"line":16,"column":26},"end":{"line":18,"column":5}}}},"branchMap":{},"s":{"0":1,"1":1,"2":1,"3":3,"4":3,"5":4,"6":3,"7":1,"8":3},"f":{"0":3,"1":4,"2":1},"b":{}}
}
