TN:
SF:src/PooledWebView.tsx
FN:11,(anonymous_9)
FN:28,(anonymous_10)
FN:39,(anonymous_11)
FN:53,(anonymous_12)
FN:66,(anonymous_13)
FN:77,(anonymous_14)
FN:81,(anonymous_15)
FNF:7
FNH:5
FNDA:33,(anonymous_9)
FNDA:6,(anonymous_10)
FNDA:16,(anonymous_11)
FNDA:4,(anonymous_12)
FNDA:17,(anonymous_13)
FNDA:0,(anonymous_14)
FNDA:0,(anonymous_15)
DA:1,1
DA:2,1
DA:3,1
DA:6,1
DA:8,1
DA:10,1
DA:15,33
DA:16,33
DA:17,33
DA:18,33
DA:19,33
DA:20,33
DA:22,33
DA:23,33
DA:26,33
DA:28,33
DA:29,6
DA:30,1
DA:32,5
DA:33,5
DA:34,2
DA:39,33
DA:40,16
DA:41,16
DA:42,16
DA:43,2
DA:44,2
DA:45,2
DA:48,14
DA:49,14
DA:50,14
DA:51,14
DA:53,14
DA:54,4
DA:55,4
DA:56,4
DA:57,4
DA:58,4
DA:59,4
DA:66,33
DA:67,17
DA:68,17
DA:70,1
DA:76,33
DA:78,0
DA:79,0
DA:81,0
DA:82,0
DA:83,0
DA:96,33
DA:97,2
DA:104,31
DA:110,1
DA:112,1
LF:54
LH:49
BRDA:19,0,0,33
BRDA:19,0,1,33
BRDA:29,1,0,1
BRDA:33,2,0,3
BRDA:40,3,0,16
BRDA:40,3,1,0
BRDA:40,4,0,16
BRDA:40,4,1,16
BRDA:42,5,0,2
BRDA:55,6,0,4
BRDA:68,7,0,16
BRDA:68,8,0,17
BRDA:68,8,1,15
BRDA:79,9,0,0
BRDA:79,10,0,0
BRDA:79,10,1,0
BRDA:82,11,0,0
BRDA:82,12,0,0
BRDA:82,12,1,0
BRDA:96,13,0,2
BRF:20
BRH:13
end_of_record
TN:
SF:src/WebViewManager.ts
FN:29,(anonymous_0)
FN:31,(anonymous_1)
FN:38,(anonymous_2)
FN:45,(anonymous_3)
FN:75,(anonymous_4)
FN:79,(anonymous_5)
FN:103,(anonymous_6)
FN:117,(anonymous_7)
FN:118,(anonymous_8)
FN:139,(anonymous_9)
FN:140,(anonymous_10)
FN:150,(anonymous_11)
FN:157,(anonymous_12)
FN:161,(anonymous_13)
FN:169,(anonymous_14)
FN:184,(anonymous_15)
FN:188,(anonymous_16)
FN:195,(anonymous_17)
FN:210,(anonymous_18)
FN:217,(anonymous_19)
FN:220,(anonymous_20)
FN:221,(anonymous_21)
FN:226,(anonymous_22)
FN:230,(anonymous_23)
FN:232,(anonymous_24)
FN:237,(anonymous_25)
FN:239,(anonymous_26)
FNF:27
FNH:26
FNDA:65,(anonymous_0)
FNDA:107,(anonymous_1)
FNDA:66,(anonymous_2)
FNDA:65,(anonymous_3)
FNDA:46,(anonymous_4)
FNDA:37,(anonymous_5)
FNDA:49,(anonymous_6)
FNDA:20,(anonymous_7)
FNDA:22,(anonymous_8)
FNDA:3,(anonymous_9)
FNDA:4,(anonymous_10)
FNDA:21,(anonymous_11)
FNDA:0,(anonymous_12)
FNDA:20,(anonymous_13)
FNDA:1,(anonymous_14)
FNDA:1,(anonymous_15)
FNDA:15,(anonymous_16)
FNDA:14,(anonymous_17)
FNDA:70,(anonymous_18)
FNDA:225,(anonymous_19)
FNDA:479,(anonymous_20)
FNDA:479,(anonymous_21)
FNDA:1,(anonymous_22)
FNDA:32,(anonymous_23)
FNDA:11,(anonymous_24)
FNDA:155,(anonymous_25)
FNDA:15,(anonymous_26)
DA:1,5
DA:3,5
DA:21,5
DA:23,65
DA:24,65
DA:25,65
DA:26,65
DA:27,65
DA:32,107
DA:33,65
DA:35,107
DA:39,66
DA:40,60
DA:42,66
DA:46,65
DA:48,64
DA:50,64
DA:51,2
DA:54,2
DA:57,64
DA:59,64
DA:60,138
DA:71,64
DA:72,64
DA:77,46
DA:78,20
DA:79,37
DA:81,20
DA:83,4
DA:84,4
DA:85,4
DA:86,4
DA:89,4
DA:90,4
DA:91,4
DA:93,4
DA:95,4
DA:103,49
DA:104,42
DA:106,37
DA:107,37
DA:108,37
DA:109,37
DA:111,37
DA:118,22
DA:119,20
DA:120,19
DA:121,3
DA:124,3
DA:127,16
DA:129,16
DA:130,11
DA:132,5
DA:133,5
DA:134,5
DA:136,16
DA:140,4
DA:141,3
DA:143,2
DA:144,2
DA:145,2
DA:146,2
DA:147,2
DA:152,21
DA:153,1
DA:154,1
DA:157,0
DA:161,20
DA:162,20
DA:164,18
DA:166,18
DA:167,18
DA:169,18
DA:170,1
DA:173,18
DA:179,18
DA:181,18
DA:184,1
DA:189,15
DA:190,15
DA:192,14
DA:193,14
DA:195,14
DA:196,14
DA:198,14
DA:199,12
DA:200,12
DA:202,2
DA:203,2
DA:204,2
DA:205,2
DA:207,14
DA:211,70
DA:212,70
DA:213,10
DA:218,225
DA:220,479
DA:221,479
DA:227,1
DA:231,32
DA:232,32
DA:233,11
DA:238,155
DA:239,155
DA:243,5
LF:105
LH:104
BRDA:32,0,0,65
BRDA:39,1,0,60
BRDA:46,2,0,1
BRDA:50,3,0,2
BRDA:77,4,0,20
BRDA:79,5,0,37
BRDA:79,5,1,6
BRDA:81,6,0,4
BRDA:84,7,0,4
BRDA:104,8,0,5
BRDA:119,9,0,1
BRDA:120,10,0,3
BRDA:129,11,0,11
BRDA:129,11,1,5
BRDA:141,12,0,1
BRDA:152,13,0,1
BRDA:162,14,0,2
BRDA:164,15,0,18
BRDA:164,15,1,17
BRDA:190,16,0,1
BRDA:196,17,0,0
BRDA:196,18,0,14
BRDA:196,18,1,14
BRDA:198,19,0,12
BRDA:198,19,1,2
BRF:25
BRH:24
end_of_record
TN:
SF:src/WebViewPoolProvider.tsx
FN:28,useWebViewPool
FN:36,(anonymous_2)
FN:43,(anonymous_3)
FN:54,(anonymous_4)
FN:56,(anonymous_5)
FN:59,(anonymous_6)
FN:65,(anonymous_7)
FN:69,(anonymous_8)
FN:76,(anonymous_9)
FN:78,(anonymous_10)
FN:83,(anonymous_11)
FN:85,(anonymous_12)
FN:88,(anonymous_13)
FN:92,(anonymous_14)
FN:96,(anonymous_15)
FN:97,(anonymous_16)
FN:101,(anonymous_17)
FN:105,(anonymous_18)
FN:109,(anonymous_19)
FN:114,(anonymous_20)
FN:136,(anonymous_21)
FNF:21
FNH:20
FNDA:70,useWebViewPool
FNDA:60,(anonymous_2)
FNDA:30,(anonymous_3)
FNDA:30,(anonymous_4)
FNDA:13,(anonymous_5)
FNDA:10,(anonymous_6)
FNDA:24,(anonymous_7)
FNDA:9,(anonymous_8)
FNDA:5,(anonymous_9)
FNDA:1,(anonymous_10)
FNDA:16,(anonymous_11)
FNDA:16,(anonymous_12)
FNDA:2,(anonymous_13)
FNDA:2,(anonymous_14)
FNDA:4,(anonymous_15)
FNDA:5,(anonymous_16)
FNDA:8,(anonymous_17)
FNDA:1,(anonymous_18)
FNDA:0,(anonymous_19)
FNDA:43,(anonymous_20)
FNDA:124,(anonymous_21)
DA:1,4
DA:10,4
DA:12,4
DA:13,4
DA:14,4
DA:26,4
DA:28,4
DA:29,70
DA:30,69
DA:31,1
DA:33,68
DA:36,4
DA:37,60
DA:38,60
DA:43,60
DA:44,30
DA:45,30
DA:46,30
DA:49,60
DA:50,60
DA:52,60
DA:54,60
DA:55,30
DA:56,30
DA:57,13
DA:59,30
DA:60,10
DA:61,10
DA:65,60
DA:66,24
DA:69,60
DA:70,9
DA:71,9
DA:72,9
DA:75,60
DA:77,5
DA:78,5
DA:83,60
DA:84,16
DA:85,16
DA:88,60
DA:89,2
DA:92,60
DA:93,2
DA:96,60
DA:97,5
DA:98,4
DA:101,60
DA:102,8
DA:105,60
DA:106,1
DA:109,60
DA:110,0
DA:113,60
DA:114,43
DA:132,60
DA:137,124
DA:151,4
DA:157,4
LF:59
LH:58
BRDA:30,0,0,1
BRDA:89,1,0,2
BRDA:89,1,1,1
BRDA:98,2,0,4
BRDA:98,2,1,4
BRDA:140,3,0,124
BRDA:140,3,1,122
BRF:7
BRH:7
end_of_record
TN:
SF:src/WebViewSlot.tsx
FN:17,(anonymous_9)
FN:36,(anonymous_10)
FN:43,(anonymous_11)
FN:56,(anonymous_12)
FN:63,(anonymous_13)
FN:66,(anonymous_14)
FN:77,(anonymous_15)
FN:90,(anonymous_16)
FNF:8
FNH:8
FNDA:107,(anonymous_9)
FNDA:105,(anonymous_10)
FNDA:105,(anonymous_11)
FNDA:96,(anonymous_12)
FNDA:1,(anonymous_13)
FNDA:1,(anonymous_14)
FNDA:77,(anonymous_15)
FNDA:98,(anonymous_16)
DA:1,5
DA:2,5
DA:3,5
DA:4,5
DA:5,5
DA:17,5
DA:24,107
DA:25,107
DA:26,107
DA:34,107
DA:36,107
DA:37,105
DA:38,27
DA:43,107
DA:44,105
DA:46,0
DA:48,0
DA:49,0
DA:50,0
DA:51,0
DA:56,107
DA:57,96
DA:58,3
DA:59,3
DA:60,3
DA:61,3
DA:63,3
DA:64,1
DA:66,3
DA:68,93
DA:77,107
DA:78,77
DA:79,70
DA:81,7
DA:90,107
DA:91,98
DA:92,5
DA:94,93
DA:95,23
DA:97,70
DA:103,107
DA:105,107
DA:120,5
LF:43
LH:38
BRDA:24,0,0,107
BRDA:24,0,1,32
BRDA:37,1,0,27
BRDA:37,2,0,105
BRDA:37,2,1,61
BRDA:37,2,2,54
BRDA:44,3,0,105
BRDA:44,4,0,105
BRDA:44,4,1,0
BRDA:46,5,0,0
BRDA:46,5,1,0
BRDA:48,6,0,0
BRDA:48,6,1,0
BRDA:50,7,0,0
BRDA:50,8,0,0
BRDA:50,8,1,0
BRDA:57,9,0,3
BRDA:57,10,0,96
BRDA:57,10,1,96
BRDA:59,11,0,3
BRDA:60,12,0,3
BRDA:60,12,1,2
BRDA:78,13,0,70
BRDA:78,14,0,77
BRDA:78,14,1,7
BRDA:91,15,0,5
BRDA:91,16,0,98
BRDA:91,16,1,5
BRDA:94,17,0,23
BRDA:94,18,0,93
BRDA:94,18,1,24
BRDA:106,19,0,15
BRDA:106,19,1,92
BRDA:107,20,0,107
BRDA:107,20,1,33
BRDA:110,21,0,33
BRDA:110,21,1,31
BRDA:111,22,0,24
BRDA:111,22,1,9
BRDA:113,23,0,24
BRDA:113,23,1,9
BRF:41
BRH:33
end_of_record
TN:
SF:src/constants.ts
FNF:0
FNH:0
DA:4,6
DA:9,6
DA:11,6
DA:24,6
DA:30,6
LF:5
LH:5
BRF:0
BRH:0
end_of_record
TN:
SF:src/usePooledWebView.ts
FN:9,usePooledWebView
FN:15,(anonymous_1)
FN:16,(anonymous_2)
FN:25,(anonymous_3)
FN:43,(anonymous_4)
FNF:5
FNH:5
FNDA:20,usePooledWebView
FNDA:20,(anonymous_1)
FNDA:13,(anonymous_2)
FNDA:7,(anonymous_3)
FNDA:2,(anonymous_4)
DA:1,1
DA:4,1
DA:7,1
DA:9,1
DA:10,20
DA:11,20
DA:12,20
DA:13,20
DA:15,20
DA:16,20
DA:17,13
DA:18,5
DA:19,5
DA:20,5
DA:25,20
DA:26,7
DA:27,1
DA:33,6
DA:34,6
DA:35,6
DA:37,5
DA:38,5
DA:39,5
DA:40,5
DA:43,20
DA:44,2
DA:45,0
DA:46,0
DA:47,0
DA:48,0
DA:52,20
LF:31
LH:27
BRDA:17,0,0,5
BRDA:26,1,0,1
BRDA:35,2,0,1
BRDA:44,3,0,0
BRF:4
BRH:3
end_of_record
TN:
SF:src/useWarmUp.ts
FN:5,useWarmUp
FN:9,(anonymous_1)
FN:16,(anonymous_2)
FNF:3
FNH:3
FNDA:3,useWarmUp
FNDA:4,(anonymous_1)
FNDA:1,(anonymous_2)
DA:1,1
DA:2,1
DA:5,1
DA:6,3
DA:8,3
DA:10,4
DA:15,3
DA:17,1
DA:22,3
LF:9
LH:9
BRF:0
BRH:0
end_of_record
